This is pdfTeX, Version 3.141592653-2.6-1.40.26 (TeX Live 2024) (preloaded format=pdflatex 2024.11.3)  14 JAN 2025 21:18
entering extended mode
 restricted \write18 enabled.
 file:line:error style messages enabled.
 %&-line parsing enabled.
**c:/Users/HaibaoAir/Desktop/icml2025/icml2025/example_paper.tex
(c:/Users/HaibaoAir/Desktop/icml2025/icml2025/example_paper.tex
LaTeX2e <2024-11-01>
L3 programming layer <2024-10-09>
(c:/Program Files/texlive/2024/texmf-dist/tex/latex/base/article.cls
Document Class: article 2024/06/29 v1.4n Standard LaTeX document class
(c:/Program Files/texlive/2024/texmf-dist/tex/latex/base/size10.clo
File: size10.clo 2024/06/29 v1.4n Standard LaTeX file (size option)
)
\c@part=\count196
\c@section=\count197
\c@subsection=\count198
\c@subsubsection=\count199
\c@paragraph=\count266
\c@subparagraph=\count267
\c@figure=\count268
\c@table=\count269
\abovecaptionskip=\skip49
\belowcaptionskip=\skip50
\bibindent=\dimen141
) (c:/Program Files/texlive/2024/texmf-dist/tex/latex/microtype/microtype.sty
Package: microtype 2024/03/29 v3.1b Micro-typographical refinements (RS)
 (c:/Program Files/texlive/2024/texmf-dist/tex/latex/graphics/keyval.sty
Package: keyval 2022/05/29 v1.15 key=value parser (DPC)
\KV@toks@=\toks17
) (c:/Program Files/texlive/2024/texmf-dist/tex/latex/etoolbox/etoolbox.sty
Package: etoolbox 2020/10/05 v2.5k e-TeX tools for LaTeX (JAW)
\etb@tempcnta=\count270
)
\MT@toks=\toks18
\MT@tempbox=\box52
\MT@count=\count271
LaTeX Info: Redefining \noprotrusionifhmode on input line 1061.
LaTeX Info: Redefining \leftprotrusion on input line 1062.
\MT@prot@toks=\toks19
LaTeX Info: Redefining \rightprotrusion on input line 1081.
LaTeX Info: Redefining \textls on input line 1392.
\MT@outer@kern=\dimen142
LaTeX Info: Redefining \textmicrotypecontext on input line 2013.
\MT@listname@count=\count272
 (c:/Program Files/texlive/2024/texmf-dist/tex/latex/microtype/microtype-pdftex.def
File: microtype-pdftex.def 2024/03/29 v3.1b Definitions specific to pdftex (RS)
LaTeX Info: Redefining \lsstyle on input line 902.
LaTeX Info: Redefining \lslig on input line 902.
\MT@outer@space=\skip51
)
Package microtype Info: Loading configuration file microtype.cfg.
 (c:/Program Files/texlive/2024/texmf-dist/tex/latex/microtype/microtype.cfg
File: microtype.cfg 2024/03/29 v3.1b microtype main configuration file (RS)
)) (c:/Program Files/texlive/2024/texmf-dist/tex/latex/graphics/graphicx.sty
Package: graphicx 2021/09/16 v1.2d Enhanced LaTeX Graphics (DPC,SPQR)
 (c:/Program Files/texlive/2024/texmf-dist/tex/latex/graphics/graphics.sty
Package: graphics 2024/08/06 v1.4g Standard LaTeX Graphics (DPC,SPQR)
 (c:/Program Files/texlive/2024/texmf-dist/tex/latex/graphics/trig.sty
Package: trig 2023/12/02 v1.11 sin cos tan (DPC)
) (c:/Program Files/texlive/2024/texmf-dist/tex/latex/graphics-cfg/graphics.cfg
File: graphics.cfg 2016/06/04 v1.11 sample graphics configuration
)
Package graphics Info: Driver file: pdftex.def on input line 106.
 (c:/Program Files/texlive/2024/texmf-dist/tex/latex/graphics-def/pdftex.def
File: pdftex.def 2024/04/13 v1.2c Graphics/color driver for pdftex
))
\Gin@req@height=\dimen143
\Gin@req@width=\dimen144
) (c:/Program Files/texlive/2024/texmf-dist/tex/latex/caption/subcaption.sty
Package: subcaption 2023/07/28 v1.6b Sub-captions (AR)
 (c:/Program Files/texlive/2024/texmf-dist/tex/latex/caption/caption.sty
Package: caption 2023/08/05 v3.6o Customizing captions (AR)
 (c:/Program Files/texlive/2024/texmf-dist/tex/latex/caption/caption3.sty
Package: caption3 2023/07/31 v2.4d caption3 kernel (AR)
\caption@tempdima=\dimen145
\captionmargin=\dimen146
\caption@leftmargin=\dimen147
\caption@rightmargin=\dimen148
\caption@width=\dimen149
\caption@indent=\dimen150
\caption@parindent=\dimen151
\caption@hangindent=\dimen152
Package caption Info: Standard document class detected.
)
\c@caption@flags=\count273
\c@continuedfloat=\count274
)
Package caption Info: New subtype `subfigure' on input line 238.
\c@subfigure=\count275
Package caption Info: New subtype `subtable' on input line 238.
\c@subtable=\count276
) (c:/Program Files/texlive/2024/texmf-dist/tex/latex/booktabs/booktabs.sty
Package: booktabs 2020/01/12 v1.61803398 Publication quality tables
\heavyrulewidth=\dimen153
\lightrulewidth=\dimen154
\cmidrulewidth=\dimen155
\belowrulesep=\dimen156
\belowbottomsep=\dimen157
\aboverulesep=\dimen158
\abovetopsep=\dimen159
\cmidrulesep=\dimen160
\cmidrulekern=\dimen161
\defaultaddspace=\dimen162
\@cmidla=\count277
\@cmidlb=\count278
\@aboverulesep=\dimen163
\@belowrulesep=\dimen164
\@thisruleclass=\count279
\@lastruleclass=\count280
\@thisrulewidth=\dimen165
) (c:/Program Files/texlive/2024/texmf-dist/tex/latex/hyperref/hyperref.sty
Package: hyperref 2024-10-30 v7.01k Hypertext links for LaTeX
 (c:/Program Files/texlive/2024/texmf-dist/tex/generic/iftex/iftex.sty
Package: iftex 2022/02/03 v1.0f TeX engine tests
) (c:/Program Files/texlive/2024/texmf-dist/tex/latex/kvsetkeys/kvsetkeys.sty
Package: kvsetkeys 2022-10-05 v1.19 Key value parser (HO)
) (c:/Program Files/texlive/2024/texmf-dist/tex/generic/kvdefinekeys/kvdefinekeys.sty
Package: kvdefinekeys 2019-12-19 v1.6 Define keys (HO)
) (c:/Program Files/texlive/2024/texmf-dist/tex/generic/pdfescape/pdfescape.sty
Package: pdfescape 2019/12/09 v1.15 Implements pdfTeX's escape features (HO)
 (c:/Program Files/texlive/2024/texmf-dist/tex/generic/ltxcmds/ltxcmds.sty
Package: ltxcmds 2023-12-04 v1.26 LaTeX kernel commands for general use (HO)
) (c:/Program Files/texlive/2024/texmf-dist/tex/generic/pdftexcmds/pdftexcmds.sty
Package: pdftexcmds 2020-06-27 v0.33 Utility functions of pdfTeX for LuaTeX (HO)
 (c:/Program Files/texlive/2024/texmf-dist/tex/generic/infwarerr/infwarerr.sty
Package: infwarerr 2019/12/03 v1.5 Providing info/warning/error messages (HO)
)
Package pdftexcmds Info: \pdf@primitive is available.
Package pdftexcmds Info: \pdf@ifprimitive is available.
Package pdftexcmds Info: \pdfdraftmode found.
)) (c:/Program Files/texlive/2024/texmf-dist/tex/latex/hycolor/hycolor.sty
Package: hycolor 2020-01-27 v1.10 Color options for hyperref/bookmark (HO)
) (c:/Program Files/texlive/2024/texmf-dist/tex/latex/hyperref/nameref.sty
Package: nameref 2023-11-26 v2.56 Cross-referencing by name of section
 (c:/Program Files/texlive/2024/texmf-dist/tex/latex/refcount/refcount.sty
Package: refcount 2019/12/15 v3.6 Data extraction from label references (HO)
) (c:/Program Files/texlive/2024/texmf-dist/tex/generic/gettitlestring/gettitlestring.sty
Package: gettitlestring 2019/12/15 v1.6 Cleanup title references (HO)
 (c:/Program Files/texlive/2024/texmf-dist/tex/latex/kvoptions/kvoptions.sty
Package: kvoptions 2022-06-15 v3.15 Key value format for package options (HO)
))
\c@section@level=\count281
) (c:/Program Files/texlive/2024/texmf-dist/tex/generic/stringenc/stringenc.sty
Package: stringenc 2019/11/29 v1.12 Convert strings between diff. encodings (HO)
)
\@linkdim=\dimen166
\Hy@linkcounter=\count282
\Hy@pagecounter=\count283
 (c:/Program Files/texlive/2024/texmf-dist/tex/latex/hyperref/pd1enc.def
File: pd1enc.def 2024-10-30 v7.01k Hyperref: PDFDocEncoding definition (HO)
Now handling font encoding PD1 ...
... no UTF-8 mapping file for font encoding PD1
) (c:/Program Files/texlive/2024/texmf-dist/tex/generic/intcalc/intcalc.sty
Package: intcalc 2019/12/15 v1.3 Expandable calculations with integers (HO)
)
\Hy@SavedSpaceFactor=\count284
 (c:/Program Files/texlive/2024/texmf-dist/tex/latex/hyperref/puenc.def
File: puenc.def 2024-10-30 v7.01k Hyperref: PDF Unicode definition (HO)
Now handling font encoding PU ...
... no UTF-8 mapping file for font encoding PU
)
Package hyperref Info: Hyper figures OFF on input line 4157.
Package hyperref Info: Link nesting OFF on input line 4162.
Package hyperref Info: Hyper index ON on input line 4165.
Package hyperref Info: Plain pages OFF on input line 4172.
Package hyperref Info: Backreferencing OFF on input line 4177.
Package hyperref Info: Implicit mode ON; LaTeX internals redefined.
Package hyperref Info: Bookmarks ON on input line 4424.
\c@Hy@tempcnt=\count285
 (c:/Program Files/texlive/2024/texmf-dist/tex/latex/url/url.sty
\Urlmuskip=\muskip17
Package: url 2013/09/16  ver 3.4  Verb mode for urls, etc.
)
LaTeX Info: Redefining \url on input line 4763.
\XeTeXLinkMargin=\dimen167
 (c:/Program Files/texlive/2024/texmf-dist/tex/generic/bitset/bitset.sty
Package: bitset 2019/12/09 v1.3 Handle bit-vector datatype (HO)
 (c:/Program Files/texlive/2024/texmf-dist/tex/generic/bigintcalc/bigintcalc.sty
Package: bigintcalc 2019/12/15 v1.5 Expandable calculations on big integers (HO)
))
\Fld@menulength=\count286
\Field@Width=\dimen168
\Fld@charsize=\dimen169
Package hyperref Info: Hyper figures OFF on input line 6042.
Package hyperref Info: Link nesting OFF on input line 6047.
Package hyperref Info: Hyper index ON on input line 6050.
Package hyperref Info: backreferencing OFF on input line 6057.
Package hyperref Info: Link coloring OFF on input line 6062.
Package hyperref Info: Link coloring with OCG OFF on input line 6067.
Package hyperref Info: PDF/A mode OFF on input line 6072.
 (c:/Program Files/texlive/2024/texmf-dist/tex/latex/base/atbegshi-ltx.sty
Package: atbegshi-ltx 2021/01/10 v1.0c Emulation of the original atbegshi
package with kernel methods
)
\Hy@abspage=\count287
\c@Item=\count288
\c@Hfootnote=\count289
)
Package hyperref Info: Driver (autodetected): hpdftex.
 (c:/Program Files/texlive/2024/texmf-dist/tex/latex/hyperref/hpdftex.def
File: hpdftex.def 2024-10-30 v7.01k Hyperref driver for pdfTeX
 (c:/Program Files/texlive/2024/texmf-dist/tex/latex/base/atveryend-ltx.sty
Package: atveryend-ltx 2020/08/19 v1.0a Emulation of the original atveryend package
with kernel methods
)
\Fld@listcount=\count290
\c@bookmark@seq@number=\count291
 (c:/Program Files/texlive/2024/texmf-dist/tex/latex/rerunfilecheck/rerunfilecheck.sty
Package: rerunfilecheck 2022-07-10 v1.10 Rerun checks for auxiliary files (HO)
 (c:/Program Files/texlive/2024/texmf-dist/tex/generic/uniquecounter/uniquecounter.sty
Package: uniquecounter 2019/12/15 v1.4 Provide unlimited unique counter (HO)
)
Package uniquecounter Info: New unique counter `rerunfilecheck' on input line 285.
)
\Hy@SectionHShift=\skip52
) (./icml2025.sty
Package: icml2025 2023/11/23 v2.0 ICML Conference Style File
 (c:/Program Files/texlive/2024/texmf-dist/tex/latex/psnfss/times.sty
Package: times 2020/03/25 PSNFSS-v9.3 (SPQR) 
) (./fancyhdr.sty
\fancy@headwidth=\skip53
\f@ncyO@elh=\skip54
\f@ncyO@erh=\skip55
\f@ncyO@olh=\skip56
\f@ncyO@orh=\skip57
\f@ncyO@elf=\skip58
\f@ncyO@erf=\skip59
\f@ncyO@olf=\skip60
\f@ncyO@orf=\skip61
) (c:/Program Files/texlive/2024/texmf-dist/tex/latex/xcolor/xcolor.sty
Package: xcolor 2024/09/29 v3.02 LaTeX color extensions (UK)
 (c:/Program Files/texlive/2024/texmf-dist/tex/latex/graphics-cfg/color.cfg
File: color.cfg 2016/01/02 v1.6 sample color configuration
)
Package xcolor Info: Driver file: pdftex.def on input line 274.
 (c:/Program Files/texlive/2024/texmf-dist/tex/latex/graphics/mathcolor.ltx)
Package xcolor Info: Model `cmy' substituted by `cmy0' on input line 1349.
Package xcolor Info: Model `hsb' substituted by `rgb' on input line 1353.
Package xcolor Info: Model `RGB' extended on input line 1365.
Package xcolor Info: Model `HTML' substituted by `rgb' on input line 1367.
Package xcolor Info: Model `Hsb' substituted by `hsb' on input line 1368.
Package xcolor Info: Model `tHsb' substituted by `hsb' on input line 1369.
Package xcolor Info: Model `HSB' substituted by `hsb' on input line 1370.
Package xcolor Info: Model `Gray' substituted by `gray' on input line 1371.
Package xcolor Info: Model `wave' substituted by `hsb' on input line 1372.
) (./algorithm.sty
Package: algorithm 

Document Style `algorithm' - floating environment
(c:/Program Files/texlive/2024/texmf-dist/tex/latex/float/float.sty
Package: float 2001/11/08 v1.3d Float enhancements (AL)
\c@float@type=\count292
\float@exts=\toks20
\float@box=\box53
\@float@everytoks=\toks21
\@floatcapt=\box54
) (c:/Program Files/texlive/2024/texmf-dist/tex/latex/base/ifthen.sty
Package: ifthen 2024/03/16 v1.1e Standard LaTeX ifthen package (DPC)
)
\@float@every@algorithm=\toks22
\c@algorithm=\count293
) (./algorithmic.sty
Package: algorithmic 

Document Style `algorithmic' - environment
(c:/Program Files/texlive/2024/texmf-dist/tex/latex/tools/calc.sty
Package: calc 2023/07/08 v4.3 Infix arithmetic (KKT,FJ)
\calc@Acount=\count294
\calc@Bcount=\count295
\calc@Adimen=\dimen170
\calc@Bdimen=\dimen171
\calc@Askip=\skip62
\calc@Bskip=\skip63
LaTeX Info: Redefining \setlength on input line 80.
LaTeX Info: Redefining \addtolength on input line 81.
\calc@Ccount=\count296
\calc@Cskip=\skip64
)
\c@ALC@line=\count297
\c@ALC@rem=\count298
\ALC@tlm=\skip65
) (c:/Program Files/texlive/2024/texmf-dist/tex/latex/natbib/natbib.sty
Package: natbib 2010/09/13 8.31b (PWD, AO)
\bibhang=\skip66
\bibsep=\skip67
LaTeX Info: Redefining \cite on input line 694.
\c@NAT@ctr=\count299
) (c:/Program Files/texlive/2024/texmf-dist/tex/latex/eso-pic/eso-pic.sty
Package: eso-pic 2023/05/03 v3.0c eso-pic (RN)
\ESO@tempdima=\dimen172
\ESO@tempdimb=\dimen173
) (c:/Program Files/texlive/2024/texmf-dist/tex/latex/forloop/forloop.sty
Package: forloop 2023/05/03 v3.0 For Loops for LaTeX
)
Package hyperref Info: Option `colorlinks' set `true' on input line 153.
\titrun=\box55
\c@@affiliationcounter=\count300
\c@@affilnum=\count301
\newcaptionbox=\box56
\newcaptionboxwid=\dimen174
\icmlrulerbox=\box57
\icmlrulercount=\count302
\icmlruleroffset=\dimen175
\cv@lineheight=\dimen176
\cv@boxheight=\dimen177
\cv@tmpbox=\box58
\cv@refno=\count303
\cv@tot=\count304
\cv@tmpc@=\count305
\cv@tmpc=\count306
) (c:/Program Files/texlive/2024/texmf-dist/tex/latex/amsmath/amsmath.sty
Package: amsmath 2024/10/30 v2.17s AMS math features
\@mathmargin=\skip68

For additional information on amsmath, use the `?' option.
(c:/Program Files/texlive/2024/texmf-dist/tex/latex/amsmath/amstext.sty
Package: amstext 2021/08/26 v2.01 AMS text
 (c:/Program Files/texlive/2024/texmf-dist/tex/latex/amsmath/amsgen.sty
File: amsgen.sty 1999/11/30 v2.0 generic functions
\@emptytoks=\toks23
\ex@=\dimen178
)) (c:/Program Files/texlive/2024/texmf-dist/tex/latex/amsmath/amsbsy.sty
Package: amsbsy 1999/11/29 v1.2d Bold Symbols
\pmbraise@=\dimen179
) (c:/Program Files/texlive/2024/texmf-dist/tex/latex/amsmath/amsopn.sty
Package: amsopn 2022/04/08 v2.04 operator names
)
\inf@bad=\count307
LaTeX Info: Redefining \frac on input line 233.
\uproot@=\count308
\leftroot@=\count309
LaTeX Info: Redefining \overline on input line 398.
LaTeX Info: Redefining \colon on input line 409.
\classnum@=\count310
\DOTSCASE@=\count311
LaTeX Info: Redefining \ldots on input line 502.
LaTeX Info: Redefining \dots on input line 505.
LaTeX Info: Redefining \cdots on input line 638.
\Mathstrutbox@=\box59
\strutbox@=\box60
LaTeX Info: Redefining \big on input line 740.
LaTeX Info: Redefining \Big on input line 741.
LaTeX Info: Redefining \bigg on input line 742.
LaTeX Info: Redefining \Bigg on input line 743.
\big@size=\dimen180
LaTeX Font Info:    Redeclaring font encoding OML on input line 761.
LaTeX Font Info:    Redeclaring font encoding OMS on input line 762.
\macc@depth=\count312
LaTeX Info: Redefining \bmod on input line 923.
LaTeX Info: Redefining \pmod on input line 928.
LaTeX Info: Redefining \smash on input line 958.
LaTeX Info: Redefining \relbar on input line 988.
LaTeX Info: Redefining \Relbar on input line 989.
\c@MaxMatrixCols=\count313
\dotsspace@=\muskip18
\c@parentequation=\count314
\dspbrk@lvl=\count315
\tag@help=\toks24
\row@=\count316
\column@=\count317
\maxfields@=\count318
\andhelp@=\toks25
\eqnshift@=\dimen181
\alignsep@=\dimen182
\tagshift@=\dimen183
\tagwidth@=\dimen184
\totwidth@=\dimen185
\lineht@=\dimen186
\@envbody=\toks26
\multlinegap=\skip69
\multlinetaggap=\skip70
\mathdisplay@stack=\toks27
LaTeX Info: Redefining \[ on input line 2972.
LaTeX Info: Redefining \] on input line 2973.
) (c:/Program Files/texlive/2024/texmf-dist/tex/latex/amsfonts/amssymb.sty
Package: amssymb 2013/01/14 v3.01 AMS font symbols
 (c:/Program Files/texlive/2024/texmf-dist/tex/latex/amsfonts/amsfonts.sty
Package: amsfonts 2013/01/14 v3.01 Basic AMSFonts support
\symAMSa=\mathgroup4
\symAMSb=\mathgroup5
LaTeX Font Info:    Redeclaring math symbol \hbar on input line 98.
LaTeX Font Info:    Overwriting math alphabet `\mathfrak' in version `bold'
(Font)                  U/euf/m/n --> U/euf/b/n on input line 106.
)) (c:/Program Files/texlive/2024/texmf-dist/tex/latex/mathtools/mathtools.sty
Package: mathtools 2024/10/04 v1.31 mathematical typesetting tools
 (c:/Program Files/texlive/2024/texmf-dist/tex/latex/mathtools/mhsetup.sty
Package: mhsetup 2021/03/18 v1.4 programming setup (MH)
)
\g_MT_multlinerow_int=\count319
\l_MT_multwidth_dim=\dimen187
\origjot=\skip71
\l_MT_shortvdotswithinadjustabove_dim=\dimen188
\l_MT_shortvdotswithinadjustbelow_dim=\dimen189
\l_MT_above_intertext_sep=\dimen190
\l_MT_below_intertext_sep=\dimen191
\l_MT_above_shortintertext_sep=\dimen192
\l_MT_below_shortintertext_sep=\dimen193
\xmathstrut@box=\box61
\xmathstrut@dim=\dimen194
) (c:/Program Files/texlive/2024/texmf-dist/tex/latex/amscls/amsthm.sty
Package: amsthm 2020/05/29 v2.20.6
\thm@style=\toks28
\thm@bodyfont=\toks29
\thm@headfont=\toks30
\thm@notefont=\toks31
\thm@headpunct=\toks32
\thm@preskip=\skip72
\thm@postskip=\skip73
\thm@headsep=\skip74
\dth@everypar=\toks33
) (c:/Program Files/texlive/2024/texmf-dist/tex/latex/cleveref/cleveref.sty
Package: cleveref 2018/03/27 v0.21.4 Intelligent cross-referencing
Package cleveref Info: `hyperref' support loaded on input line 2370.
LaTeX Info: Redefining \cref on input line 2370.
LaTeX Info: Redefining \Cref on input line 2370.
LaTeX Info: Redefining \crefrange on input line 2370.
LaTeX Info: Redefining \Crefrange on input line 2370.
LaTeX Info: Redefining \cpageref on input line 2370.
LaTeX Info: Redefining \Cpageref on input line 2370.
LaTeX Info: Redefining \cpagerefrange on input line 2370.
LaTeX Info: Redefining \Cpagerefrange on input line 2370.
LaTeX Info: Redefining \labelcref on input line 2370.
LaTeX Info: Redefining \labelcpageref on input line 2370.
Package cleveref Info: `amsthm' support loaded on input line 3026.
Package cleveref Info: always capitalise cross-reference names on input line 7830.
Package cleveref Info: always capitalise cross-reference names on input line 7852.
Package cleveref Info: no abbreviation of names on input line 7852.
)
\c@theorem=\count320
 (c:/Program Files/texlive/2024/texmf-dist/tex/latex/todonotes/todonotes.sty
Package: todonotes 2024/01/05 v1.1.7 Todonotes source and documentation.
Package: todonotes 2024/01/05
 (c:/Program Files/texlive/2024/texmf-dist/tex/latex/xkeyval/xkeyval.sty
Package: xkeyval 2022/06/16 v2.9 package option processing (HA)
 (c:/Program Files/texlive/2024/texmf-dist/tex/generic/xkeyval/xkeyval.tex (c:/Program Files/texlive/2024/texmf-dist/tex/generic/xkeyval/xkvutils.tex
\XKV@toks=\toks34
\XKV@tempa@toks=\toks35
)
\XKV@depth=\count321
File: xkeyval.tex 2014/12/03 v2.7a key=value parser (HA)
)) (c:/Program Files/texlive/2024/texmf-dist/tex/latex/pgf/frontendlayer/tikz.sty (c:/Program Files/texlive/2024/texmf-dist/tex/latex/pgf/basiclayer/pgf.sty (c:/Program Files/texlive/2024/texmf-dist/tex/latex/pgf/utilities/pgfrcs.sty (c:/Program Files/texlive/2024/texmf-dist/tex/generic/pgf/utilities/pgfutil-common.tex
\pgfutil@everybye=\toks36
\pgfutil@tempdima=\dimen195
\pgfutil@tempdimb=\dimen196
) (c:/Program Files/texlive/2024/texmf-dist/tex/generic/pgf/utilities/pgfutil-latex.def
\pgfutil@abb=\box62
) (c:/Program Files/texlive/2024/texmf-dist/tex/generic/pgf/utilities/pgfrcs.code.tex (c:/Program Files/texlive/2024/texmf-dist/tex/generic/pgf/pgf.revision.tex)
Package: pgfrcs 2023-01-15 v3.1.10 (3.1.10)
))
Package: pgf 2023-01-15 v3.1.10 (3.1.10)
 (c:/Program Files/texlive/2024/texmf-dist/tex/latex/pgf/basiclayer/pgfcore.sty (c:/Program Files/texlive/2024/texmf-dist/tex/latex/pgf/systemlayer/pgfsys.sty (c:/Program Files/texlive/2024/texmf-dist/tex/generic/pgf/systemlayer/pgfsys.code.tex
Package: pgfsys 2023-01-15 v3.1.10 (3.1.10)
 (c:/Program Files/texlive/2024/texmf-dist/tex/generic/pgf/utilities/pgfkeys.code.tex
\pgfkeys@pathtoks=\toks37
\pgfkeys@temptoks=\toks38
 (c:/Program Files/texlive/2024/texmf-dist/tex/generic/pgf/utilities/pgfkeyslibraryfiltered.code.tex
\pgfkeys@tmptoks=\toks39
))
\pgf@x=\dimen197
\pgf@y=\dimen198
\pgf@xa=\dimen199
\pgf@ya=\dimen256
\pgf@xb=\dimen257
\pgf@yb=\dimen258
\pgf@xc=\dimen259
\pgf@yc=\dimen260
\pgf@xd=\dimen261
\pgf@yd=\dimen262
\w@pgf@writea=\write3
\r@pgf@reada=\read2
\c@pgf@counta=\count322
\c@pgf@countb=\count323
\c@pgf@countc=\count324
\c@pgf@countd=\count325
\t@pgf@toka=\toks40
\t@pgf@tokb=\toks41
\t@pgf@tokc=\toks42
\pgf@sys@id@count=\count326
 (c:/Program Files/texlive/2024/texmf-dist/tex/generic/pgf/systemlayer/pgf.cfg
File: pgf.cfg 2023-01-15 v3.1.10 (3.1.10)
)
Driver file for pgf: pgfsys-pdftex.def
 (c:/Program Files/texlive/2024/texmf-dist/tex/generic/pgf/systemlayer/pgfsys-pdftex.def
File: pgfsys-pdftex.def 2023-01-15 v3.1.10 (3.1.10)
 (c:/Program Files/texlive/2024/texmf-dist/tex/generic/pgf/systemlayer/pgfsys-common-pdf.def
File: pgfsys-common-pdf.def 2023-01-15 v3.1.10 (3.1.10)
))) (c:/Program Files/texlive/2024/texmf-dist/tex/generic/pgf/systemlayer/pgfsyssoftpath.code.tex
File: pgfsyssoftpath.code.tex 2023-01-15 v3.1.10 (3.1.10)
\pgfsyssoftpath@smallbuffer@items=\count327
\pgfsyssoftpath@bigbuffer@items=\count328
) (c:/Program Files/texlive/2024/texmf-dist/tex/generic/pgf/systemlayer/pgfsysprotocol.code.tex
File: pgfsysprotocol.code.tex 2023-01-15 v3.1.10 (3.1.10)
)) (c:/Program Files/texlive/2024/texmf-dist/tex/generic/pgf/basiclayer/pgfcore.code.tex
Package: pgfcore 2023-01-15 v3.1.10 (3.1.10)
 (c:/Program Files/texlive/2024/texmf-dist/tex/generic/pgf/math/pgfmath.code.tex (c:/Program Files/texlive/2024/texmf-dist/tex/generic/pgf/math/pgfmathutil.code.tex) (c:/Program Files/texlive/2024/texmf-dist/tex/generic/pgf/math/pgfmathparser.code.tex
\pgfmath@dimen=\dimen263
\pgfmath@count=\count329
\pgfmath@box=\box63
\pgfmath@toks=\toks43
\pgfmath@stack@operand=\toks44
\pgfmath@stack@operation=\toks45
) (c:/Program Files/texlive/2024/texmf-dist/tex/generic/pgf/math/pgfmathfunctions.code.tex) (c:/Program Files/texlive/2024/texmf-dist/tex/generic/pgf/math/pgfmathfunctions.basic.code.tex) (c:/Program Files/texlive/2024/texmf-dist/tex/generic/pgf/math/pgfmathfunctions.trigonometric.code.tex) (c:/Program Files/texlive/2024/texmf-dist/tex/generic/pgf/math/pgfmathfunctions.random.code.tex) (c:/Program Files/texlive/2024/texmf-dist/tex/generic/pgf/math/pgfmathfunctions.comparison.code.tex) (c:/Program Files/texlive/2024/texmf-dist/tex/generic/pgf/math/pgfmathfunctions.base.code.tex) (c:/Program Files/texlive/2024/texmf-dist/tex/generic/pgf/math/pgfmathfunctions.round.code.tex) (c:/Program Files/texlive/2024/texmf-dist/tex/generic/pgf/math/pgfmathfunctions.misc.code.tex) (c:/Program Files/texlive/2024/texmf-dist/tex/generic/pgf/math/pgfmathfunctions.integerarithmetics.code.tex) (c:/Program Files/texlive/2024/texmf-dist/tex/generic/pgf/math/pgfmathcalc.code.tex) (c:/Program Files/texlive/2024/texmf-dist/tex/generic/pgf/math/pgfmathfloat.code.tex
\c@pgfmathroundto@lastzeros=\count330
)) (c:/Program Files/texlive/2024/texmf-dist/tex/generic/pgf/math/pgfint.code.tex) (c:/Program Files/texlive/2024/texmf-dist/tex/generic/pgf/basiclayer/pgfcorepoints.code.tex
File: pgfcorepoints.code.tex 2023-01-15 v3.1.10 (3.1.10)
\pgf@picminx=\dimen264
\pgf@picmaxx=\dimen265
\pgf@picminy=\dimen266
\pgf@picmaxy=\dimen267
\pgf@pathminx=\dimen268
\pgf@pathmaxx=\dimen269
\pgf@pathminy=\dimen270
\pgf@pathmaxy=\dimen271
\pgf@xx=\dimen272
\pgf@xy=\dimen273
\pgf@yx=\dimen274
\pgf@yy=\dimen275
\pgf@zx=\dimen276
\pgf@zy=\dimen277
) (c:/Program Files/texlive/2024/texmf-dist/tex/generic/pgf/basiclayer/pgfcorepathconstruct.code.tex
File: pgfcorepathconstruct.code.tex 2023-01-15 v3.1.10 (3.1.10)
\pgf@path@lastx=\dimen278
\pgf@path@lasty=\dimen279
) (c:/Program Files/texlive/2024/texmf-dist/tex/generic/pgf/basiclayer/pgfcorepathusage.code.tex
File: pgfcorepathusage.code.tex 2023-01-15 v3.1.10 (3.1.10)
\pgf@shorten@end@additional=\dimen280
\pgf@shorten@start@additional=\dimen281
) (c:/Program Files/texlive/2024/texmf-dist/tex/generic/pgf/basiclayer/pgfcorescopes.code.tex
File: pgfcorescopes.code.tex 2023-01-15 v3.1.10 (3.1.10)
\pgfpic=\box64
\pgf@hbox=\box65
\pgf@layerbox@main=\box66
\pgf@picture@serial@count=\count331
) (c:/Program Files/texlive/2024/texmf-dist/tex/generic/pgf/basiclayer/pgfcoregraphicstate.code.tex
File: pgfcoregraphicstate.code.tex 2023-01-15 v3.1.10 (3.1.10)
\pgflinewidth=\dimen282
) (c:/Program Files/texlive/2024/texmf-dist/tex/generic/pgf/basiclayer/pgfcoretransformations.code.tex
File: pgfcoretransformations.code.tex 2023-01-15 v3.1.10 (3.1.10)
\pgf@pt@x=\dimen283
\pgf@pt@y=\dimen284
\pgf@pt@temp=\dimen285
) (c:/Program Files/texlive/2024/texmf-dist/tex/generic/pgf/basiclayer/pgfcorequick.code.tex
File: pgfcorequick.code.tex 2023-01-15 v3.1.10 (3.1.10)
) (c:/Program Files/texlive/2024/texmf-dist/tex/generic/pgf/basiclayer/pgfcoreobjects.code.tex
File: pgfcoreobjects.code.tex 2023-01-15 v3.1.10 (3.1.10)
) (c:/Program Files/texlive/2024/texmf-dist/tex/generic/pgf/basiclayer/pgfcorepathprocessing.code.tex
File: pgfcorepathprocessing.code.tex 2023-01-15 v3.1.10 (3.1.10)
) (c:/Program Files/texlive/2024/texmf-dist/tex/generic/pgf/basiclayer/pgfcorearrows.code.tex
File: pgfcorearrows.code.tex 2023-01-15 v3.1.10 (3.1.10)
\pgfarrowsep=\dimen286
) (c:/Program Files/texlive/2024/texmf-dist/tex/generic/pgf/basiclayer/pgfcoreshade.code.tex
File: pgfcoreshade.code.tex 2023-01-15 v3.1.10 (3.1.10)
\pgf@max=\dimen287
\pgf@sys@shading@range@num=\count332
\pgf@shadingcount=\count333
) (c:/Program Files/texlive/2024/texmf-dist/tex/generic/pgf/basiclayer/pgfcoreimage.code.tex
File: pgfcoreimage.code.tex 2023-01-15 v3.1.10 (3.1.10)
) (c:/Program Files/texlive/2024/texmf-dist/tex/generic/pgf/basiclayer/pgfcoreexternal.code.tex
File: pgfcoreexternal.code.tex 2023-01-15 v3.1.10 (3.1.10)
\pgfexternal@startupbox=\box67
) (c:/Program Files/texlive/2024/texmf-dist/tex/generic/pgf/basiclayer/pgfcorelayers.code.tex
File: pgfcorelayers.code.tex 2023-01-15 v3.1.10 (3.1.10)
) (c:/Program Files/texlive/2024/texmf-dist/tex/generic/pgf/basiclayer/pgfcoretransparency.code.tex
File: pgfcoretransparency.code.tex 2023-01-15 v3.1.10 (3.1.10)
) (c:/Program Files/texlive/2024/texmf-dist/tex/generic/pgf/basiclayer/pgfcorepatterns.code.tex
File: pgfcorepatterns.code.tex 2023-01-15 v3.1.10 (3.1.10)
) (c:/Program Files/texlive/2024/texmf-dist/tex/generic/pgf/basiclayer/pgfcorerdf.code.tex
File: pgfcorerdf.code.tex 2023-01-15 v3.1.10 (3.1.10)
))) (c:/Program Files/texlive/2024/texmf-dist/tex/generic/pgf/modules/pgfmoduleshapes.code.tex
File: pgfmoduleshapes.code.tex 2023-01-15 v3.1.10 (3.1.10)
\pgfnodeparttextbox=\box68
) (c:/Program Files/texlive/2024/texmf-dist/tex/generic/pgf/modules/pgfmoduleplot.code.tex
File: pgfmoduleplot.code.tex 2023-01-15 v3.1.10 (3.1.10)
) (c:/Program Files/texlive/2024/texmf-dist/tex/latex/pgf/compatibility/pgfcomp-version-0-65.sty
Package: pgfcomp-version-0-65 2023-01-15 v3.1.10 (3.1.10)
\pgf@nodesepstart=\dimen288
\pgf@nodesepend=\dimen289
) (c:/Program Files/texlive/2024/texmf-dist/tex/latex/pgf/compatibility/pgfcomp-version-1-18.sty
Package: pgfcomp-version-1-18 2023-01-15 v3.1.10 (3.1.10)
)) (c:/Program Files/texlive/2024/texmf-dist/tex/latex/pgf/utilities/pgffor.sty (c:/Program Files/texlive/2024/texmf-dist/tex/latex/pgf/utilities/pgfkeys.sty (c:/Program Files/texlive/2024/texmf-dist/tex/generic/pgf/utilities/pgfkeys.code.tex)) (c:/Program Files/texlive/2024/texmf-dist/tex/latex/pgf/math/pgfmath.sty (c:/Program Files/texlive/2024/texmf-dist/tex/generic/pgf/math/pgfmath.code.tex)) (c:/Program Files/texlive/2024/texmf-dist/tex/generic/pgf/utilities/pgffor.code.tex
Package: pgffor 2023-01-15 v3.1.10 (3.1.10)
\pgffor@iter=\dimen290
\pgffor@skip=\dimen291
\pgffor@stack=\toks46
\pgffor@toks=\toks47
)) (c:/Program Files/texlive/2024/texmf-dist/tex/generic/pgf/frontendlayer/tikz/tikz.code.tex
Package: tikz 2023-01-15 v3.1.10 (3.1.10)
 (c:/Program Files/texlive/2024/texmf-dist/tex/generic/pgf/libraries/pgflibraryplothandlers.code.tex
File: pgflibraryplothandlers.code.tex 2023-01-15 v3.1.10 (3.1.10)
\pgf@plot@mark@count=\count334
\pgfplotmarksize=\dimen292
)
\tikz@lastx=\dimen293
\tikz@lasty=\dimen294
\tikz@lastxsaved=\dimen295
\tikz@lastysaved=\dimen296
\tikz@lastmovetox=\dimen297
\tikz@lastmovetoy=\dimen298
\tikzleveldistance=\dimen299
\tikzsiblingdistance=\dimen300
\tikz@figbox=\box69
\tikz@figbox@bg=\box70
\tikz@tempbox=\box71
\tikz@tempbox@bg=\box72
\tikztreelevel=\count335
\tikznumberofchildren=\count336
\tikznumberofcurrentchild=\count337
\tikz@fig@count=\count338
 (c:/Program Files/texlive/2024/texmf-dist/tex/generic/pgf/modules/pgfmodulematrix.code.tex
File: pgfmodulematrix.code.tex 2023-01-15 v3.1.10 (3.1.10)
\pgfmatrixcurrentrow=\count339
\pgfmatrixcurrentcolumn=\count340
\pgf@matrix@numberofcolumns=\count341
)
\tikz@expandcount=\count342
 (c:/Program Files/texlive/2024/texmf-dist/tex/generic/pgf/frontendlayer/tikz/libraries/tikzlibrarytopaths.code.tex
File: tikzlibrarytopaths.code.tex 2023-01-15 v3.1.10 (3.1.10)
))) (c:/Program Files/texlive/2024/texmf-dist/tex/generic/pgf/frontendlayer/tikz/libraries/tikzlibrarypositioning.code.tex
File: tikzlibrarypositioning.code.tex 2023-01-15 v3.1.10 (3.1.10)
)
\c@@todonotes@numberoftodonotes=\count343
)
LaTeX Font Info:    Trying to load font information for OT1+ptm on input line 60.
 (c:/Program Files/texlive/2024/texmf-dist/tex/latex/psnfss/ot1ptm.fd
File: ot1ptm.fd 2001/06/04 font definitions for OT1/ptm.
) (c:/Program Files/texlive/2024/texmf-dist/tex/latex/l3backend/l3backend-pdftex.def
File: l3backend-pdftex.def 2024-05-08 L3 backend support: PDF output (pdfTeX)
\l__color_backend_stack_int=\count344
\l__pdf_internal_box=\box73
) (./example_paper.aux)
\openout1 = `example_paper.aux'.

LaTeX Font Info:    Checking defaults for OML/cmm/m/it on input line 60.
LaTeX Font Info:    ... okay on input line 60.
LaTeX Font Info:    Checking defaults for OMS/cmsy/m/n on input line 60.
LaTeX Font Info:    ... okay on input line 60.
LaTeX Font Info:    Checking defaults for OT1/cmr/m/n on input line 60.
LaTeX Font Info:    ... okay on input line 60.
LaTeX Font Info:    Checking defaults for T1/cmr/m/n on input line 60.
LaTeX Font Info:    ... okay on input line 60.
LaTeX Font Info:    Checking defaults for TS1/cmr/m/n on input line 60.
LaTeX Font Info:    ... okay on input line 60.
LaTeX Font Info:    Checking defaults for OMX/cmex/m/n on input line 60.
LaTeX Font Info:    ... okay on input line 60.
LaTeX Font Info:    Checking defaults for U/cmr/m/n on input line 60.
LaTeX Font Info:    ... okay on input line 60.
LaTeX Font Info:    Checking defaults for PD1/pdf/m/n on input line 60.
LaTeX Font Info:    ... okay on input line 60.
LaTeX Font Info:    Checking defaults for PU/pdf/m/n on input line 60.
LaTeX Font Info:    ... okay on input line 60.
LaTeX Info: Redefining \microtypecontext on input line 60.
Package microtype Info: Applying patch `item' on input line 60.
Package microtype Info: Applying patch `toc' on input line 60.
Package microtype Info: Applying patch `eqnum' on input line 60.
Package microtype Info: Applying patch `footnote' on input line 60.
Package microtype Info: Applying patch `verbatim' on input line 60.
Package microtype Info: Generating PDF output.
Package microtype Info: Character protrusion enabled (level 2).
Package microtype Info: Using default protrusion set `alltext'.
Package microtype Info: Automatic font expansion enabled (level 2),
(microtype)             stretch: 20, shrink: 20, step: 1, non-selected.
Package microtype Info: Using default expansion set `alltext-nott'.
LaTeX Info: Redefining \showhyphens on input line 60.
Package microtype Info: No adjustment of tracking.
Package microtype Info: No adjustment of interword spacing.
Package microtype Info: No adjustment of character kerning.
 (c:/Program Files/texlive/2024/texmf-dist/tex/latex/microtype/mt-ptm.cfg
File: mt-ptm.cfg 2006/04/20 v1.7 microtype config. file: Times (RS)
) (c:/Program Files/texlive/2024/texmf-dist/tex/context/base/mkii/supp-pdf.mkii
[Loading MPS to PDF converter (version 2006.09.02).]
\scratchcounter=\count345
\scratchdimen=\dimen301
\scratchbox=\box74
\nofMPsegments=\count346
\nofMParguments=\count347
\everyMPshowfont=\toks48
\MPscratchCnt=\count348
\MPscratchDim=\dimen302
\MPnumerator=\count349
\makeMPintoPDFobject=\count350
\everyMPtoPDFconversion=\toks49
) (c:/Program Files/texlive/2024/texmf-dist/tex/latex/epstopdf-pkg/epstopdf-base.sty
Package: epstopdf-base 2020-01-24 v2.11 Base part for package epstopdf
Package epstopdf-base Info: Redefining graphics rule for `.eps' on input line 485.
 (c:/Program Files/texlive/2024/texmf-dist/tex/latex/latexconfig/epstopdf-sys.cfg
File: epstopdf-sys.cfg 2010/07/13 v1.3 Configuration of (r)epstopdf for TeX Live
))
Package caption Info: Begin \AtBeginDocument code.
Package caption Info: float package is loaded.
Package caption Info: hyperref package is loaded.
Package caption Info: End \AtBeginDocument code.
Package hyperref Info: Link coloring ON on input line 60.
 (./example_paper.out) (./example_paper.out)
\@outlinefile=\write4
\openout4 = `example_paper.out'.



Package hyperref Warning: Token not allowed in a PDF string (Unicode):
(hyperref)                removing `\\' on input line 109.

\c@@affil@anon=\count351
(c:/Program Files/texlive/2024/texmf-dist/tex/latex/microtype/mt-cmr.cfg
File: mt-cmr.cfg 2013/05/19 v2.2 microtype config. file: Computer Modern Roman (RS)
)
LaTeX Font Info:    Trying to load font information for U+msa on input line 109.
 (c:/Program Files/texlive/2024/texmf-dist/tex/latex/amsfonts/umsa.fd
File: umsa.fd 2013/01/14 v3.01 AMS symbols A
) (c:/Program Files/texlive/2024/texmf-dist/tex/latex/microtype/mt-msa.cfg
File: mt-msa.cfg 2006/02/04 v1.1 microtype config. file: AMS symbols (a) (RS)
)
LaTeX Font Info:    Trying to load font information for U+msb on input line 109.
 (c:/Program Files/texlive/2024/texmf-dist/tex/latex/amsfonts/umsb.fd
File: umsb.fd 2013/01/14 v3.01 AMS symbols B
) (c:/Program Files/texlive/2024/texmf-dist/tex/latex/microtype/mt-msb.cfg
File: mt-msb.cfg 2005/06/01 v1.0 microtype config. file: AMS symbols (b) (RS)
)

Package hyperref Warning: Ignoring empty anchor on input line 120.

LaTeX Font Info:    Trying to load font information for OML+ptm on input line 120.
(c:/Program Files/texlive/2024/texmf-dist/tex/latex/psnfss/omlptm.fd
File: omlptm.fd 
)
LaTeX Font Info:    Font shape `OML/ptm/m/n' in size <9> not available
(Font)              Font shape `OML/cmm/m/it' tried instead on input line 120.



Underfull \vbox (badness 10000) has occurred while \output is active []



[1{c:/Program Files/texlive/2024/texmf-var/fonts/map/pdftex/updmap/pdftex.map}{c:/Program Files/texlive/2024/texmf-dist/fonts/enc/dvips/base/8r.enc}



]
Underfull \vbox (badness 10000) has occurred while \output is active []



<figures/figure_21.png, id=16, 1373.13pt x 694.84593pt>
File: figures/figure_21.png Graphic file (type png)
<use figures/figure_21.png>
Package pdftex.def Info: figures/figure_21.png  used on input line 194.
(pdftex.def)             Requested size: 234.8775pt x 118.8538pt.


[2 <./figures/figure_21.png>]


Overfull \hbox (18.81804pt too wide) detected at line 250
[][][]\OML/cmm/m/it/10 S[]\OT1/cmr/m/n/10 (\OML/cmm/m/it/10 t\OT1/cmr/m/n/10 ) = []
 []


Underfull \hbox (badness 1742) in paragraph at lines 271--272
[]\OT1/ptm/b/n/10 (+20) Assumption 3.5. []$\OML/cmm/m/it/10 F[]\OT1/cmr/m/n/10 (\OML/cmm/m/it/10 w\OT1/cmr/m/n/10 )$ \OT1/ptm/m/n/10 (+20) is $\OML/cmm/m/it/10 ^^L$\OT1/ptm/m/n/10 (+20) -Lipschitz smooth, i.e.,
 []


Underfull \hbox (badness 1231) in paragraph at lines 277--278
\OT1/ptm/m/n/10 (+20) and variance-bound, that is, $\OML/cmm/m/it/10 E\OT1/cmr/m/n/10 [\OMS/cmsy/m/n/10 r\OML/cmm/m/it/10 F[]\OT1/cmr/m/n/10 (\OML/cmm/m/it/10 w\OT1/cmr/m/n/10 (\OML/cmm/m/it/10 t\OT1/cmr/m/n/10 )\OMS/cmsy/m/n/10 j\OML/cmm/m/it/10 D[]\OT1/cmr/m/n/10 (\OML/cmm/m/it/10 t\OT1/cmr/m/n/10 ))] =
 []


Underfull \hbox (badness 10000) in paragraph at lines 277--278
\OMS/cmsy/m/n/10 r\OML/cmm/m/it/10 F[]\OT1/cmr/m/n/10 (\OML/cmm/m/it/10 w\OT1/cmr/m/n/10 (\OML/cmm/m/it/10 t\OT1/cmr/m/n/10 )\OMS/cmsy/m/n/10 jD[]\OT1/cmr/m/n/10 )$ \OT1/ptm/m/n/10 (+20) and $\OML/cmm/m/it/10 E\OMS/cmsy/m/n/10 kr\OML/cmm/m/it/10 F[]\OT1/cmr/m/n/10 (\OML/cmm/m/it/10 w\OT1/cmr/m/n/10 (\OML/cmm/m/it/10 t\OT1/cmr/m/n/10 )\OMS/cmsy/m/n/10 j\OML/cmm/m/it/10 D[]\OT1/cmr/m/n/10 (\OML/cmm/m/it/10 t\OT1/cmr/m/n/10 )) \OMS/cmsy/m/n/10 ^^@
 []


Overfull \hbox (95.38197pt too wide) detected at line 292
[]
 []



[3]
<figures/figure_17.png, id=64, 653.94313pt x 244.41313pt>
File: figures/figure_17.png Graphic file (type png)
<use figures/figure_17.png>
Package pdftex.def Info: figures/figure_17.png  used on input line 318.
(pdftex.def)             Requested size: 234.8775pt x 87.78352pt.



Underfull \hbox (badness 10000) in paragraph at lines 335--340
[]\OT1/ptm/m/n/10 (+20) For ease of demon-stra-tion, we de-fine $[] \OT1/cmr/m/n/10 =
 []


Underfull \hbox (badness 5217) in paragraph at lines 335--340
\OMS/cmsy/m/n/10 f\OML/cmm/m/it/10 D[]\OT1/cmr/m/n/10 (0)\OML/cmm/m/it/10 ; D[]\OT1/cmr/m/n/10 (1)\OML/cmm/m/it/10 ; []  ; D[]\OT1/cmr/m/n/10 (\OML/cmm/m/it/10 T \OMS/cmsy/m/n/10 ^^@ \OT1/cmr/m/n/10 1)\OMS/cmsy/m/n/10 g$ \OT1/ptm/m/n/10 (+20) and it's the de-ci-
 []



[4 <./figures/figure_17.png>]
Overfull \hbox (179.27852pt too wide) detected at line 352
[][][]\OML/cmm/m/it/10 U\OT1/cmr/m/n/10 ([]\OML/cmm/m/it/10 ; R; ^^R\OT1/cmr/m/n/10 ) = [] [] \OML/cmm/m/it/10 ;
 []



LaTeX Font Info:    Trying to load font information for OMS+ptm on input line 384.
(c:/Program Files/texlive/2024/texmf-dist/tex/latex/psnfss/omsptm.fd
File: omsptm.fd 
)
LaTeX Font Info:    Font shape `OMS/ptm/m/n' in size <10> not available
(Font)              Font shape `OMS/cmsy/m/n' tried instead on input line 384.


Package amsmath Warning: Foreign command \atop;
(amsmath)                \frac or \genfrac should be used instead
(amsmath)                 on input line 390.



[5]
Underfull \vbox (badness 10000) has occurred while \output is active []




Overfull \hbox (7.97499pt too wide) detected at line 448
[][][][][]
 []


Overfull \hbox (106.86554pt too wide) detected at line 462
[][][]\OT1/cmr/m/n/10 ^^A[](\OML/cmm/m/it/10 t\OT1/cmr/m/n/10 ) = []
 []


Overfull \hbox (13.1906pt too wide) detected at line 470
[][][]\OML/cmm/m/it/10 D[]\OT1/cmr/m/n/10 (\OML/cmm/m/it/10 t\OT1/cmr/m/n/10 ) = []
 []



[6]
Overfull \hbox (56.96478pt too wide) detected at line 494
[][][]\OML/cmm/m/it/10 D[]\OT1/cmr/m/n/10 (\OML/cmm/m/it/10 t\OT1/cmr/m/n/10 ) = 	[](\OML/cmm/m/it/10 ^^^\OT1/cmr/m/n/10 (0)\OML/cmm/m/it/10 ; ^^^\OT1/cmr/m/n/10 (1)\OML/cmm/m/it/10 ; []  ; ^^^\OT1/cmr/m/n/10 (\OML/cmm/m/it/10 T \OMS/cmsy/m/n/10 ^^@ \OT1/cmr/m/n/10 1)\OML/cmm/m/it/10 ; D[]\OT1/cmr/m/n/10 (0)\OML/cmm/m/it/10 ; D[]\OT1/cmr/m/n/10 (1)\OML/cmm/m/it/10 ; []  ; D[]\OT1/cmr/m/n/10 (\OML/cmm/m/it/10 T \OMS/cmsy/m/n/10 ^^@ \OT1/cmr/m/n/10 1))\OML/cmm/m/it/10 :
 []


Underfull \vbox (badness 10000) has occurred while \output is active []



LaTeX Font Info:    Trying to load font information for OT1+pcr on input line 521.
(c:/Program Files/texlive/2024/texmf-dist/tex/latex/psnfss/ot1pcr.fd
File: ot1pcr.fd 2001/06/04 font definitions for OT1/pcr.
)
Package microtype Info: Loading generic protrusion settings for font family
(microtype)             `pcr' (encoding: OT1).
(microtype)             For optimal results, create family-specific settings.
(microtype)             See the microtype manual for details.

Underfull \hbox (badness 4913) in paragraph at lines 525--527
[] []\OT1/ptm/b/n/10 (+20) Initialize: $\OML/cmm/m/it/10 D[]\OT1/cmr/m/n/10 (\OML/cmm/m/it/10 t\OT1/cmr/m/n/10 )\OML/cmm/m/it/10 ; t \OMS/cmsy/m/n/10 2 \OT1/cmr/m/n/10 [0\OML/cmm/m/it/10 ; []  ; T \OMS/cmsy/m/n/10 ^^@ \OT1/cmr/m/n/10 1]\OML/cmm/m/it/10 ; k \OMS/cmsy/m/n/10 2
 []

LaTeX Font Info:    Font shape `OT1/pcr/m/it' in size <10> not available
(Font)              Font shape `OT1/pcr/m/sl' tried instead on input line 547.

Underfull \vbox (badness 10000) has occurred while \output is active []



[7]
<figures/figure_55_A.png, id=129, 481.8pt x 361.35pt>
File: figures/figure_55_A.png Graphic file (type png)
<use figures/figure_55_A.png>
Package pdftex.def Info: figures/figure_55_A.png  used on input line 608.
(pdftex.def)             Requested size: 77.51pt x 58.13145pt.
<figures/figure_55_B.png, id=130, 481.8pt x 361.35pt>
File: figures/figure_55_B.png Graphic file (type png)
<use figures/figure_55_B.png>
Package pdftex.def Info: figures/figure_55_B.png  used on input line 612.
(pdftex.def)             Requested size: 77.51pt x 58.13145pt.
<figures/figure_55_C.png, id=131, 481.8pt x 361.35pt>
File: figures/figure_55_C.png Graphic file (type png)
<use figures/figure_55_C.png>
Package pdftex.def Info: figures/figure_55_C.png  used on input line 616.
(pdftex.def)             Requested size: 77.51pt x 58.13145pt.

Underfull \hbox (badness 10000) in paragraph at lines 605--618
[]$[]$ $[]$
 []

<figures/figure_62_A.png, id=132, 445.28859pt x 345.91734pt>
File: figures/figure_62_A.png Graphic file (type png)
<use figures/figure_62_A.png>
Package pdftex.def Info: figures/figure_62_A.png  used on input line 643.
(pdftex.def)             Requested size: 151.22377pt x 117.4731pt.
<figures/figure_62_B.png, id=133, 445.28859pt x 345.91734pt>
File: figures/figure_62_B.png Graphic file (type png)
<use figures/figure_62_B.png>
Package pdftex.def Info: figures/figure_62_B.png  used on input line 649.
(pdftex.def)             Requested size: 151.22377pt x 117.4731pt.
<figures/figure_62_C.png, id=134, 445.28859pt x 345.91734pt>
File: figures/figure_62_C.png Graphic file (type png)
<use figures/figure_62_C.png>
Package pdftex.def Info: figures/figure_62_C.png  used on input line 655.
(pdftex.def)             Requested size: 151.22377pt x 117.4731pt.

Underfull \hbox (badness 10000) in paragraph at lines 641--658
[][]
 []


Underfull \hbox (badness 10000) in paragraph at lines 641--658
[]
 []


Underfull \vbox (badness 2326) has occurred while \output is active []



<figures/figure_63_A.png, id=135, 445.28859pt x 345.91734pt>
File: figures/figure_63_A.png Graphic file (type png)
<use figures/figure_63_A.png>
Package pdftex.def Info: figures/figure_63_A.png  used on input line 665.
(pdftex.def)             Requested size: 151.22377pt x 117.4731pt.
<figures/figure_63_B.png, id=136, 445.28859pt x 345.91734pt>
File: figures/figure_63_B.png Graphic file (type png)
<use figures/figure_63_B.png>
Package pdftex.def Info: figures/figure_63_B.png  used on input line 671.
(pdftex.def)             Requested size: 151.22377pt x 117.4731pt.
<figures/figure_63_C.png, id=137, 445.28859pt x 345.91734pt>
File: figures/figure_63_C.png Graphic file (type png)
<use figures/figure_63_C.png>
Package pdftex.def Info: figures/figure_63_C.png  used on input line 677.
(pdftex.def)             Requested size: 151.22377pt x 117.4731pt.

Underfull \hbox (badness 10000) in paragraph at lines 663--680
[][]
 []


Underfull \hbox (badness 10000) in paragraph at lines 663--680
[]
 []

<figures/figure_64_A.png, id=138, 435.87843pt x 345.91734pt>
File: figures/figure_64_A.png Graphic file (type png)
<use figures/figure_64_A.png>
Package pdftex.def Info: figures/figure_64_A.png  used on input line 687.
(pdftex.def)             Requested size: 151.22377pt x 120.01195pt.
<figures/figure_64_B.png, id=139, 435.87843pt x 345.91734pt>
File: figures/figure_64_B.png Graphic file (type png)
<use figures/figure_64_B.png>
Package pdftex.def Info: figures/figure_64_B.png  used on input line 693.
(pdftex.def)             Requested size: 151.22377pt x 120.01195pt.
<figures/figure_64_C.png, id=140, 435.87843pt x 345.91734pt>
File: figures/figure_64_C.png Graphic file (type png)
<use figures/figure_64_C.png>
Package pdftex.def Info: figures/figure_64_C.png  used on input line 699.
(pdftex.def)             Requested size: 151.22377pt x 120.01195pt.

Underfull \hbox (badness 10000) in paragraph at lines 685--702
[][]
 []


Underfull \hbox (badness 10000) in paragraph at lines 685--702
[]
 []

<figures/figure_65_A.png, id=141, 440.39531pt x 341.40047pt>
File: figures/figure_65_A.png Graphic file (type png)
<use figures/figure_65_A.png>
Package pdftex.def Info: figures/figure_65_A.png  used on input line 709.
(pdftex.def)             Requested size: 151.22377pt x 117.23108pt.
<figures/figure_65_B.png, id=142, 440.39531pt x 339.14203pt>
File: figures/figure_65_B.png Graphic file (type png)
<use figures/figure_65_B.png>
Package pdftex.def Info: figures/figure_65_B.png  used on input line 715.
(pdftex.def)             Requested size: 151.22377pt x 116.45558pt.
<figures/figure_65_C.png, id=143, 440.39531pt x 339.14203pt>
File: figures/figure_65_C.png Graphic file (type png)
<use figures/figure_65_C.png>
Package pdftex.def Info: figures/figure_65_C.png  used on input line 721.
(pdftex.def)             Requested size: 151.22377pt x 116.45558pt.

Underfull \hbox (badness 10000) in paragraph at lines 707--724
[][]
 []


Underfull \hbox (badness 10000) in paragraph at lines 707--724
[]
 []

<figures/figure_66_A.png, id=144, 433.62pt x 316.18124pt>
File: figures/figure_66_A.png Graphic file (type png)
<use figures/figure_66_A.png>
Package pdftex.def Info: figures/figure_66_A.png  used on input line 731.
(pdftex.def)             Requested size: 151.22377pt x 110.26947pt.
<figures/figure_66_B.png, id=145, 433.62pt x 316.18124pt>
File: figures/figure_66_B.png Graphic file (type png)
<use figures/figure_66_B.png>
Package pdftex.def Info: figures/figure_66_B.png  used on input line 737.
(pdftex.def)             Requested size: 151.22377pt x 110.26947pt.
<figures/figure_66_C.png, id=146, 433.62pt x 316.18124pt>
File: figures/figure_66_C.png Graphic file (type png)
<use figures/figure_66_C.png>
Package pdftex.def Info: figures/figure_66_C.png  used on input line 743.
(pdftex.def)             Requested size: 151.22377pt x 110.26947pt.

Underfull \hbox (badness 10000) in paragraph at lines 729--746
[][]
 []


Underfull \hbox (badness 10000) in paragraph at lines 729--746
[]
 []

<figures/figure_71_A.png, id=147, 445.28859pt x 339.14203pt>
File: figures/figure_71_A.png Graphic file (type png)
<use figures/figure_71_A.png>
Package pdftex.def Info: figures/figure_71_A.png  used on input line 753.
(pdftex.def)             Requested size: 151.22377pt x 115.17221pt.
<figures/figure_71_B.png, id=148, 445.28859pt x 339.14203pt>
File: figures/figure_71_B.png Graphic file (type png)
<use figures/figure_71_B.png>
Package pdftex.def Info: figures/figure_71_B.png  used on input line 759.
(pdftex.def)             Requested size: 151.22377pt x 115.17221pt.
<figures/figure_71_C.png, id=149, 445.28859pt x 339.14203pt>
File: figures/figure_71_C.png Graphic file (type png)
<use figures/figure_71_C.png>
Package pdftex.def Info: figures/figure_71_C.png  used on input line 765.
(pdftex.def)             Requested size: 151.22377pt x 115.17221pt.

Underfull \hbox (badness 10000) in paragraph at lines 751--768
[][]
 []


Underfull \hbox (badness 10000) in paragraph at lines 751--768
[]
 []

<figures/figure_72_A.png, id=150, 445.28859pt x 345.91734pt>
File: figures/figure_72_A.png Graphic file (type png)
<use figures/figure_72_A.png>
Package pdftex.def Info: figures/figure_72_A.png  used on input line 775.
(pdftex.def)             Requested size: 151.22377pt x 117.4731pt.
<figures/figure_72_B.png, id=151, 445.28859pt x 345.91734pt>
File: figures/figure_72_B.png Graphic file (type png)
<use figures/figure_72_B.png>
Package pdftex.def Info: figures/figure_72_B.png  used on input line 781.
(pdftex.def)             Requested size: 151.22377pt x 117.4731pt.
<figures/figure_72_C.png, id=152, 445.28859pt x 345.91734pt>
File: figures/figure_72_C.png Graphic file (type png)
<use figures/figure_72_C.png>
Package pdftex.def Info: figures/figure_72_C.png  used on input line 787.
(pdftex.def)             Requested size: 151.22377pt x 117.4731pt.

Underfull \hbox (badness 10000) in paragraph at lines 773--790
[][]
 []


Underfull \hbox (badness 10000) in paragraph at lines 773--790
[]
 []

<figures/figure_73_A.png, id=153, 435.87843pt x 345.91734pt>
File: figures/figure_73_A.png Graphic file (type png)
<use figures/figure_73_A.png>
Package pdftex.def Info: figures/figure_73_A.png  used on input line 797.
(pdftex.def)             Requested size: 151.22377pt x 120.01195pt.
<figures/figure_73_B.png, id=154, 435.87843pt x 345.91734pt>
File: figures/figure_73_B.png Graphic file (type png)
<use figures/figure_73_B.png>
Package pdftex.def Info: figures/figure_73_B.png  used on input line 803.
(pdftex.def)             Requested size: 151.22377pt x 120.01195pt.
<figures/figure_73_C.png, id=155, 435.87843pt x 345.91734pt>
File: figures/figure_73_C.png Graphic file (type png)
<use figures/figure_73_C.png>
Package pdftex.def Info: figures/figure_73_C.png  used on input line 809.
(pdftex.def)             Requested size: 151.22377pt x 120.01195pt.

Underfull \hbox (badness 10000) in paragraph at lines 795--812
[][]
 []


Underfull \hbox (badness 10000) in paragraph at lines 795--812
[]
 []

<figures/figure_74_A.png, id=156, 440.39531pt x 339.14203pt>
File: figures/figure_74_A.png Graphic file (type png)
<use figures/figure_74_A.png>
Package pdftex.def Info: figures/figure_74_A.png  used on input line 819.
(pdftex.def)             Requested size: 151.22377pt x 116.45558pt.
<figures/figure_74_B.png, id=157, 440.39531pt x 339.14203pt>
File: figures/figure_74_B.png Graphic file (type png)
<use figures/figure_74_B.png>
Package pdftex.def Info: figures/figure_74_B.png  used on input line 825.
(pdftex.def)             Requested size: 151.22377pt x 116.45558pt.
<figures/figure_74_C.png, id=158, 440.39531pt x 339.14203pt>
File: figures/figure_74_C.png Graphic file (type png)
<use figures/figure_74_C.png>
Package pdftex.def Info: figures/figure_74_C.png  used on input line 831.
(pdftex.def)             Requested size: 151.22377pt x 116.45558pt.

Underfull \hbox (badness 10000) in paragraph at lines 817--834
[][]
 []


Underfull \hbox (badness 10000) in paragraph at lines 817--834
[]
 []

<figures/figure_75_A.png, id=159, 440.39531pt x 316.18124pt>
File: figures/figure_75_A.png Graphic file (type png)
<use figures/figure_75_A.png>
Package pdftex.def Info: figures/figure_75_A.png  used on input line 841.
(pdftex.def)             Requested size: 151.22377pt x 108.57124pt.
<figures/figure_75_B.png, id=160, 440.39531pt x 316.18124pt>
File: figures/figure_75_B.png Graphic file (type png)
<use figures/figure_75_B.png>
Package pdftex.def Info: figures/figure_75_B.png  used on input line 847.
(pdftex.def)             Requested size: 151.22377pt x 108.57124pt.
<figures/figure_75_C.png, id=161, 440.39531pt x 316.18124pt>
File: figures/figure_75_C.png Graphic file (type png)
<use figures/figure_75_C.png>
Package pdftex.def Info: figures/figure_75_C.png  used on input line 853.
(pdftex.def)             Requested size: 151.22377pt x 108.57124pt.

Underfull \hbox (badness 10000) in paragraph at lines 839--856
[][]
 []


Underfull \hbox (badness 10000) in paragraph at lines 839--856
[]
 []

File: figures/figure_55_A.png Graphic file (type png)
<use figures/figure_55_A.png>
Package pdftex.def Info: figures/figure_55_A.png  used on input line 864.
(pdftex.def)             Requested size: 75.1625pt x 56.36707pt.
File: figures/figure_55_B.png Graphic file (type png)
<use figures/figure_55_B.png>
Package pdftex.def Info: figures/figure_55_B.png  used on input line 868.
(pdftex.def)             Requested size: 75.1625pt x 56.36707pt.
File: figures/figure_55_C.png Graphic file (type png)
<use figures/figure_55_C.png>
Package pdftex.def Info: figures/figure_55_C.png  used on input line 872.
(pdftex.def)             Requested size: 75.1625pt x 56.36707pt.
<figures/figure_59_A.png, id=162, 481.8pt x 361.35pt>
File: figures/figure_59_A.png Graphic file (type png)
<use figures/figure_59_A.png>
Package pdftex.def Info: figures/figure_59_A.png  used on input line 878.
(pdftex.def)             Requested size: 75.1625pt x 56.36707pt.
<figures/figure_59_B.png, id=163, 481.8pt x 361.35pt>
File: figures/figure_59_B.png Graphic file (type png)
<use figures/figure_59_B.png>
Package pdftex.def Info: figures/figure_59_B.png  used on input line 882.
(pdftex.def)             Requested size: 75.1625pt x 56.36707pt.
<figures/figure_59_C.png, id=164, 481.8pt x 361.35pt>
File: figures/figure_59_C.png Graphic file (type png)
<use figures/figure_59_C.png>
Package pdftex.def Info: figures/figure_59_C.png  used on input line 886.
(pdftex.def)             Requested size: 75.1625pt x 56.36707pt.
File: figures/figure_55_A.png Graphic file (type png)
<use figures/figure_55_A.png>
Package pdftex.def Info: figures/figure_55_A.png  used on input line 896.
(pdftex.def)             Requested size: 75.1625pt x 56.36707pt.
File: figures/figure_55_B.png Graphic file (type png)
<use figures/figure_55_B.png>
Package pdftex.def Info: figures/figure_55_B.png  used on input line 900.
(pdftex.def)             Requested size: 75.1625pt x 56.36707pt.
File: figures/figure_55_C.png Graphic file (type png)
<use figures/figure_55_C.png>
Package pdftex.def Info: figures/figure_55_C.png  used on input line 904.
(pdftex.def)             Requested size: 75.1625pt x 56.36707pt.
File: figures/figure_59_A.png Graphic file (type png)
<use figures/figure_59_A.png>
Package pdftex.def Info: figures/figure_59_A.png  used on input line 910.
(pdftex.def)             Requested size: 77.51pt x 58.13145pt.
File: figures/figure_59_B.png Graphic file (type png)
<use figures/figure_59_B.png>
Package pdftex.def Info: figures/figure_59_B.png  used on input line 914.
(pdftex.def)             Requested size: 77.51pt x 58.13145pt.
File: figures/figure_59_C.png Graphic file (type png)
<use figures/figure_59_C.png>
Package pdftex.def Info: figures/figure_59_C.png  used on input line 918.
(pdftex.def)             Requested size: 77.51pt x 58.13145pt.

Underfull \hbox (badness 10000) in paragraph at lines 893--920
[]$ $[]$
 []

LaTeX Font Info:    Trying to load font information for TS1+ptm on input line 937.
(c:/Program Files/texlive/2024/texmf-dist/tex/latex/psnfss/ts1ptm.fd
File: ts1ptm.fd 2001/06/04 font definitions for TS1/ptm.
)

[8 <./figures/figure_55_A.png> <./figures/figure_55_B.png> <./figures/figure_55_C.png>]



[9 <./figures/figure_62_A.png> <./figures/figure_62_B.png> <./figures/figure_62_C.png> <./figures/figure_63_A.png> <./figures/figure_63_B.png> <./figures/figure_63_C.png>]



[10 <./figures/figure_64_A.png> <./figures/figure_64_B.png> <./figures/figure_64_C.png> <./figures/figure_65_A.png> <./figures/figure_65_B.png> <./figures/figure_65_C.png>]



[11 <./figures/figure_66_A.png> <./figures/figure_66_B.png> <./figures/figure_66_C.png> <./figures/figure_71_A.png> <./figures/figure_71_B.png> <./figures/figure_71_C.png>]



[12 <./figures/figure_72_A.png> <./figures/figure_72_B.png> <./figures/figure_72_C.png> <./figures/figure_73_A.png> <./figures/figure_73_B.png> <./figures/figure_73_C.png>]



[13 <./figures/figure_74_A.png> <./figures/figure_74_B.png> <./figures/figure_74_C.png> <./figures/figure_75_A.png> <./figures/figure_75_B.png> <./figures/figure_75_C.png> <./figures/figure_59_A.png> <./figures/figure_59_B.png> <./figures/figure_59_C.png>]


Overfull \hbox (13.52222pt too wide) in paragraph at lines 982--982
[]\OT1/pcr/m/n/9 dvips -Ppdf -tletter -G0 -o paper.ps paper.dvi[] 
 []

Package microtype Info: Loading generic protrusion settings for font family
(microtype)             `cmtt' (encoding: OT1).
(microtype)             For optimal results, create family-specific settings.
(microtype)             See the microtype manual for details.

Underfull \hbox (badness 1371) in paragraph at lines 1016--1019
\OT1/ptm/m/n/10 (+20) oth-ers) is han-dled au-to-mat-i-cally by sim-ply chang-ing
 []



[14]
Underfull \hbox (badness 1755) in paragraph at lines 1073--1080
\OT1/ptm/m/n/10 (+20) must not ap-pear. If you are us-ing L[]T[]X and the
 []



LaTeX Font Info:    Font shape `OML/ptm/m/n' in size <10> not available
(Font)              Font shape `OML/cmm/m/it' tried instead on input line 1121.

Underfull \hbox (badness 1189) in paragraph at lines 1124--1128
[]\OT1/ptm/m/n/10 (+20) A sam-ple file with au-thor names is in-cluded in the
 []


Underfull \vbox (badness 10000) has occurred while \output is active []



[15]
Underfull \hbox (badness 1460) in paragraph at lines 1131--1138
[]\OT1/ptm/m/n/10 (+20) The pa-per ab-stract should be-gin in the left col-umn,
 []

<icml_numpapers.pdf, id=242, 495.8525pt x 392.46625pt>
File: icml_numpapers.pdf Graphic file (type pdf)
<use icml_numpapers.pdf>
Package pdftex.def Info: icml_numpapers.pdf  used on input line 1181.
(pdftex.def)             Requested size: 234.8775pt x 185.90239pt.

Underfull \vbox (badness 10000) has occurred while \output is active []




Underfull \vbox (badness 10000) has occurred while \output is active []



[16 <./icml_numpapers.pdf>]



[17]
Underfull \vbox (badness 10000) has occurred while \output is active []



(./example_paper.bbl)

[18]
Underfull \vbox (badness 10000) has occurred while \output is active []



[19

]
Underfull \vbox (badness 10000) has occurred while \output is active []



[20]
Underfull \vbox (badness 5681) has occurred while \output is active []



[21]
Underfull \vbox (badness 10000) has occurred while \output is active []



[22]

[23]

[24]

[25] (./example_paper.aux)
 ***********
LaTeX2e <2024-11-01>
L3 programming layer <2024-10-09>
 ***********
Package rerunfilecheck Info: File `example_paper.out' has not changed.
(rerunfilecheck)             Checksum: D41D8CD98F00B204E9800998ECF8427E;0.
 ) 
Here is how much of TeX's memory you used:
 28588 strings out of 473382
 533879 string characters out of 5718141
 945454 words of memory out of 5000000
 50679 multiletter control sequences out of 15000+600000
 610984 words of font info for 324 fonts, out of 8000000 for 9000
 1141 hyphenation exceptions out of 8191
 99i,20n,101p,1055b,758s stack positions out of 10000i,1000n,20000p,200000b,200000s
<c:/Program Files/texlive/2024/texmf-dist/fonts/type1/public/amsfonts/cmextra/cmbsy7.pfb><c:/Program Files/texlive/2024/texmf-dist/fonts/type1/public/amsfonts/cm/cmbx5.pfb><c:/Program Files/texlive/2024/texmf-dist/fonts/type1/public/amsfonts/cm/cmbx7.pfb><c:/Program Files/texlive/2024/texmf-dist/fonts/type1/public/amsfonts/cm/cmex10.pfb><c:/Program Files/texlive/2024/texmf-dist/fonts/type1/public/amsfonts/cmextra/cmex7.pfb><c:/Program Files/texlive/2024/texmf-dist/fonts/type1/public/amsfonts/cm/cmmi10.pfb><c:/Program Files/texlive/2024/texmf-dist/fonts/type1/public/amsfonts/cm/cmmi5.pfb><c:/Program Files/texlive/2024/texmf-dist/fonts/type1/public/amsfonts/cm/cmmi6.pfb><c:/Program Files/texlive/2024/texmf-dist/fonts/type1/public/amsfonts/cm/cmmi7.pfb><c:/Program Files/texlive/2024/texmf-dist/fonts/type1/public/amsfonts/cm/cmmi9.pfb><c:/Program Files/texlive/2024/texmf-dist/fonts/type1/public/amsfonts/cm/cmmib10.pfb><c:/Program Files/texlive/2024/texmf-dist/fonts/type1/public/amsfonts/cmextra/cmmib5.pfb><c:/Program Files/texlive/2024/texmf-dist/fonts/type1/public/amsfonts/cmextra/cmmib7.pfb><c:/Program Files/texlive/2024/texmf-dist/fonts/type1/public/amsfonts/cm/cmr10.pfb><c:/Program Files/texlive/2024/texmf-dist/fonts/type1/public/amsfonts/cm/cmr5.pfb><c:/Program Files/texlive/2024/texmf-dist/fonts/type1/public/amsfonts/cm/cmr7.pfb><c:/Program Files/texlive/2024/texmf-dist/fonts/type1/public/amsfonts/cm/cmr9.pfb><c:/Program Files/texlive/2024/texmf-dist/fonts/type1/public/amsfonts/cm/cmsy10.pfb><c:/Program Files/texlive/2024/texmf-dist/fonts/type1/public/amsfonts/cm/cmsy5.pfb><c:/Program Files/texlive/2024/texmf-dist/fonts/type1/public/amsfonts/cm/cmsy7.pfb><c:/Program Files/texlive/2024/texmf-dist/fonts/type1/public/amsfonts/cm/cmsy9.pfb><c:/Program Files/texlive/2024/texmf-dist/fonts/type1/public/amsfonts/cm/cmti10.pfb><c:/Program Files/texlive/2024/texmf-dist/fonts/type1/public/amsfonts/cm/cmtt10.pfb><c:/Program Files/texlive/2024/texmf-dist/fonts/type1/public/amsfonts/symbols/msam10.pfb><c:/Program Files/texlive/2024/texmf-dist/fonts/type1/urw/courier/ucrb8a.pfb><c:/Program Files/texlive/2024/texmf-dist/fonts/type1/urw/courier/ucrr8a.pfb><c:/Program Files/texlive/2024/texmf-dist/fonts/type1/urw/courier/ucrro8a.pfb><c:/Program Files/texlive/2024/texmf-dist/fonts/type1/urw/times/utmb8a.pfb><c:/Program Files/texlive/2024/texmf-dist/fonts/type1/urw/times/utmbi8a.pfb><c:/Program Files/texlive/2024/texmf-dist/fonts/type1/urw/times/utmr8a.pfb><c:/Program Files/texlive/2024/texmf-dist/fonts/type1/urw/times/utmr8a.pfb><c:/Program Files/texlive/2024/texmf-dist/fonts/type1/urw/times/utmri8a.pfb>
Output written on example_paper.pdf (25 pages, 3054106 bytes).
PDF statistics:
 562 PDF objects out of 1000 (max. 8388607)
 425 compressed objects within 5 object streams
 181 named destinations out of 1000 (max. 500000)
 82128 words of extra memory for PDF output out of 89155 (max. 10000000)

